-------------------------------------------------------------------------------
Test set: edu.eci.arsw.msgbroker.WebsocketsMsbrokerExampleApplicationTests
-------------------------------------------------------------------------------
Tests run: 1, Failures: 0, Errors: 1, Skipped: 0, Time elapsed: 0.351 s <<< FAILURE! - in edu.eci.arsw.msgbroker.WebsocketsMsbrokerExampleApplicationTests
initializationError(edu.eci.arsw.msgbroker.WebsocketsMsbrokerExampleApplicationTests)  Time elapsed: 0.004 s  <<< ERROR!
java.lang.IllegalStateException: Unable to find a @SpringBootConfiguration, you need to use @ContextConfiguration or @SpringBootTest(classes=...) with your test

