<?xml version="1.0" encoding="UTF-8"?>
<testsuite xmlns:xsi="http://www.w3.org/2001/XMLSchema-instance" xsi:noNamespaceSchemaLocation="https://maven.apache.org/surefire/maven-surefire-plugin/xsd/surefire-test-report.xsd" name="edu.eci.arsw.msgbroker.WebsocketsMsbrokerExampleApplicationTests" time="0.351" tests="1" errors="1" skipped="0" failures="0">
  <properties>
[...]
</properties>
  <testcase name="initializationError" classname="edu.eci.arsw.msgbroker.WebsocketsMsbrokerExampleApplicationTests" time="0.004">
    <error message="Unable to find a @SpringBootConfiguration, you need to use @ContextConfiguration or @SpringBootTest(classes=...) with your test" type="java.lang.IllegalStateException">java.lang.IllegalStateException: Unable to find a @SpringBootConfiguration, you need to use @ContextConfiguration or @SpringBootTest(classes=...) with your test
</error>
    <system-out><![CDATA[15:54:28.559 [main] DEBUG org.springframework.test.context.junit4.SpringJUnit4ClassRunner - SpringJUnit4ClassRunner constructor called with [class edu.eci.arsw.msgbroker.WebsocketsMsbrokerExampleApplicationTests]
15:54:28.565 [main] DEBUG org.springframework.test.context.BootstrapUtils - Instantiating CacheAwareContextLoaderDelegate from class [org.springframework.test.context.cache.DefaultCacheAwareContextLoaderDelegate]
15:54:28.575 [main] DEBUG org.springframework.test.context.BootstrapUtils - Instantiating BootstrapContext using constructor [public org.springframework.test.context.support.DefaultBootstrapContext(java.lang.Class,org.springframework.test.context.CacheAwareContextLoaderDelegate)]
15:54:28.597 [main] DEBUG org.springframework.test.context.BootstrapUtils - Instantiating TestContextBootstrapper for test class [edu.eci.arsw.msgbroker.WebsocketsMsbrokerExampleApplicationTests] from class [org.springframework.boot.test.context.SpringBootTestContextBootstrapper]
15:54:28.613 [main] INFO org.springframework.boot.test.context.SpringBootTestContextBootstrapper - Neither @ContextConfiguration nor @ContextHierarchy found for test class [edu.eci.arsw.msgbroker.WebsocketsMsbrokerExampleApplicationTests], using SpringBootContextLoader
15:54:28.618 [main] DEBUG org.springframework.test.context.support.AbstractContextLoader - Did not detect default resource location for test class [edu.eci.arsw.msgbroker.WebsocketsMsbrokerExampleApplicationTests]: class path resource [edu/eci/arsw/msgbroker/WebsocketsMsbrokerExampleApplicationTests-context.xml] does not exist
15:54:28.618 [main] DEBUG org.springframework.test.context.support.AbstractContextLoader - Did not detect default resource location for test class [edu.eci.arsw.msgbroker.WebsocketsMsbrokerExampleApplicationTests]: class path resource [edu/eci/arsw/msgbroker/WebsocketsMsbrokerExampleApplicationTestsContext.groovy] does not exist
15:54:28.619 [main] INFO org.springframework.test.context.support.AbstractContextLoader - Could not detect default resource locations for test class [edu.eci.arsw.msgbroker.WebsocketsMsbrokerExampleApplicationTests]: no resource found for suffixes {-context.xml, Context.groovy}.
15:54:28.620 [main] INFO org.springframework.test.context.support.AnnotationConfigContextLoaderUtils - Could not detect default configuration classes for test class [edu.eci.arsw.msgbroker.WebsocketsMsbrokerExampleApplicationTests]: WebsocketsMsbrokerExampleApplicationTests does not declare any static, non-private, non-final, nested classes annotated with @Configuration.
15:54:28.670 [main] DEBUG org.springframework.test.context.support.ActiveProfilesUtils - Could not find an 'annotation declaring class' for annotation type [org.springframework.test.context.ActiveProfiles] and class [edu.eci.arsw.msgbroker.WebsocketsMsbrokerExampleApplicationTests]
]]></system-out>
  </testcase>
</testsuite>